[08-May-2013 15:09:04] PHP Notice:  Undefined index: HTTP_REFERER in /var/www/tbl/pro-seeding/core/class.treems.php on line 451
[08-May-2013 15:09:08] PHP Notice:  Undefined offset: 0 in /var/www/tbl/pro-seeding/modules/tbl_proseeding/class.tbl_proseeding.php on line 354
[08-May-2013 15:11:36] PHP Notice:  Undefined index: HTTP_REFERER in /var/www/tbl/pro-seeding/core/class.treems.php on line 451
[08-May-2013 15:11:43] PHP Notice:  Undefined offset: 0 in /var/www/tbl/pro-seeding/modules/tbl_proseeding/class.tbl_proseeding.php on line 354
[08-May-2013 15:35:14] PHP Notice:  Undefined index: HTTP_REFERER in /var/www/tbl/pro-seeding/core/class.treems.php on line 451
[08-May-2013 17:12:52] PHP Notice:  Undefined offset: 0 in /var/www/tbl/pro-seeding/modules/tbl_proseeding/class.tbl_proseeding.php on line 354
[09-May-2013 09:30:23] PHP Notice:  Undefined index: HTTP_REFERER in /var/www/tbl/pro-seeding/core/class.treems.php on line 451
[09-May-2013 09:30:48] PHP Notice:  Undefined offset: 0 in /var/www/tbl/pro-seeding/modules/tbl_proseeding/class.tbl_proseeding.php on line 354
[09-May-2013 09:33:32] PHP Notice:  Undefined index: HTTP_REFERER in /var/www/tbl/pro-seeding/core/class.treems.php on line 451
[09-May-2013 09:33:36] PHP Notice:  Undefined offset: 0 in /var/www/tbl/pro-seeding/modules/tbl_proseeding/class.tbl_proseeding.php on line 378
[09-May-2013 10:14:52] PHP Notice:  Undefined index: HTTP_REFERER in /var/www/tbl/pro-seeding/core/class.treems.php on line 451
[09-May-2013 10:14:59] PHP Notice:  Undefined offset: 0 in /var/www/tbl/pro-seeding/modules/tbl_proseeding/class.tbl_proseeding.php on line 378
[09-May-2013 10:17:11] PHP Notice:  Undefined index: HTTP_REFERER in /var/www/tbl/pro-seeding/core/class.treems.php on line 451
[09-May-2013 10:17:17] PHP Notice:  Undefined offset: 0 in /var/www/tbl/pro-seeding/modules/tbl_proseeding/class.tbl_proseeding.php on line 378
[09-May-2013 10:20:36] PHP Notice:  Undefined index: HTTP_REFERER in /var/www/tbl/pro-seeding/core/class.treems.php on line 451
[09-May-2013 10:20:41] PHP Notice:  Undefined offset: 0 in /var/www/tbl/pro-seeding/modules/tbl_proseeding/class.tbl_proseeding.php on line 378
[09-May-2013 10:38:32] PHP Notice:  Undefined variable: code in /var/www/tbl/pro-seeding/templates/pro-seeding/includes/init.php on line 22
[09-May-2013 10:38:32] PHP Notice:  Undefined index: HTTP_REFERER in /var/www/tbl/pro-seeding/core/class.treems.php on line 451
[09-May-2013 10:39:13] PHP Notice:  Undefined offset: 0 in /var/www/tbl/pro-seeding/modules/tbl_proseeding/class.tbl_proseeding.php on line 378
[09-May-2013 10:44:23] PHP Notice:  Undefined index: HTTP_REFERER in /var/www/tbl/pro-seeding/core/class.treems.php on line 451
[09-May-2013 10:44:29] PHP Notice:  Undefined offset: 0 in /var/www/tbl/pro-seeding/modules/tbl_proseeding/class.tbl_proseeding.php on line 378
[09-May-2013 10:45:34] PHP Notice:  Undefined offset: 0 in /var/www/tbl/pro-seeding/modules/tbl_proseeding/class.tbl_proseeding.php on line 378
[09-May-2013 10:49:14] PHP Notice:  Undefined offset: 0 in /var/www/tbl/pro-seeding/modules/tbl_proseeding/class.tbl_proseeding.php on line 378
[09-May-2013 10:58:31] PHP Notice:  Undefined index: HTTP_REFERER in /var/www/tbl/pro-seeding/core/class.treems.php on line 451
[09-May-2013 10:58:51] PHP Notice:  Undefined offset: 0 in /var/www/tbl/pro-seeding/modules/tbl_proseeding/class.tbl_proseeding.php on line 378
[09-May-2013 11:00:45] PHP Notice:  Undefined offset: 0 in /var/www/tbl/pro-seeding/modules/tbl_proseeding/class.tbl_proseeding.php on line 378
[09-May-2013 11:01:31] PHP Notice:  Undefined index: HTTP_REFERER in /var/www/tbl/pro-seeding/core/class.treems.php on line 451
[09-May-2013 11:01:39] PHP Notice:  Undefined offset: 0 in /var/www/tbl/pro-seeding/modules/tbl_proseeding/class.tbl_proseeding.php on line 378
[09-May-2013 11:02:18] PHP Notice:  Undefined index: HTTP_REFERER in /var/www/tbl/pro-seeding/core/class.treems.php on line 451
[09-May-2013 11:02:31] PHP Notice:  Undefined offset: 0 in /var/www/tbl/pro-seeding/modules/tbl_proseeding/class.tbl_proseeding.php on line 378
[09-May-2013 11:15:55] PHP Notice:  Undefined index: HTTP_REFERER in /var/www/tbl/pro-seeding/core/class.treems.php on line 451
[09-May-2013 11:16:25] PHP Notice:  Undefined variable: code in /var/www/tbl/pro-seeding/templates/pro-seeding/includes/init.php on line 22
[09-May-2013 11:16:45] PHP Notice:  Undefined offset: 0 in /var/www/tbl/pro-seeding/modules/tbl_proseeding/class.tbl_proseeding.php on line 378
[09-May-2013 11:17:40] PHP Notice:  Undefined index: HTTP_REFERER in /var/www/tbl/pro-seeding/core/class.treems.php on line 451
[09-May-2013 11:18:15] PHP Notice:  Undefined offset: 0 in /var/www/tbl/pro-seeding/modules/tbl_proseeding/class.tbl_proseeding.php on line 378
[09-May-2013 11:19:36] PHP Notice:  Undefined index: HTTP_REFERER in /var/www/tbl/pro-seeding/core/class.treems.php on line 451
[09-May-2013 11:35:46] PHP Notice:  Undefined offset: 0 in /var/www/tbl/pro-seeding/modules/tbl_proseeding/class.tbl_proseeding.php on line 378
[09-May-2013 11:51:59] PHP Notice:  Undefined index: HTTP_REFERER in /var/www/tbl/pro-seeding/core/class.treems.php on line 451
[09-May-2013 11:52:19] PHP Notice:  Undefined offset: 0 in /var/www/tbl/pro-seeding/modules/tbl_proseeding/class.tbl_proseeding.php on line 378
[09-May-2013 11:54:33] PHP Notice:  Undefined index: HTTP_REFERER in /var/www/tbl/pro-seeding/core/class.treems.php on line 451
[09-May-2013 11:54:52] PHP Notice:  Undefined offset: 0 in /var/www/tbl/pro-seeding/modules/tbl_proseeding/class.tbl_proseeding.php on line 378
[09-May-2013 11:57:47] PHP Notice:  Undefined index: HTTP_REFERER in /var/www/tbl/pro-seeding/core/class.treems.php on line 451
[09-May-2013 11:58:18] PHP Notice:  Undefined offset: 0 in /var/www/tbl/pro-seeding/modules/tbl_proseeding/class.tbl_proseeding.php on line 378
[09-May-2013 11:59:49] PHP Notice:  Undefined index: HTTP_REFERER in /var/www/tbl/pro-seeding/core/class.treems.php on line 451
[09-May-2013 12:00:10] PHP Notice:  Undefined offset: 0 in /var/www/tbl/pro-seeding/modules/tbl_proseeding/class.tbl_proseeding.php on line 378
[09-May-2013 12:01:22] PHP Notice:  Undefined index: HTTP_REFERER in /var/www/tbl/pro-seeding/core/class.treems.php on line 451
[09-May-2013 12:01:41] PHP Notice:  Undefined offset: 0 in /var/www/tbl/pro-seeding/modules/tbl_proseeding/class.tbl_proseeding.php on line 378
[09-May-2013 12:16:37] PHP Notice:  Undefined index: HTTP_REFERER in /var/www/tbl/pro-seeding/core/class.treems.php on line 451
[09-May-2013 12:18:57] PHP Notice:  Undefined offset: 0 in /var/www/tbl/pro-seeding/modules/tbl_proseeding/class.tbl_proseeding.php on line 378
[09-May-2013 12:21:16] PHP Notice:  Undefined index: HTTP_REFERER in /var/www/tbl/pro-seeding/core/class.treems.php on line 451
[09-May-2013 12:21:27] PHP Notice:  Undefined offset: 0 in /var/www/tbl/pro-seeding/modules/tbl_proseeding/class.tbl_proseeding.php on line 378
[09-May-2013 12:23:09] PHP Notice:  Undefined index: HTTP_REFERER in /var/www/tbl/pro-seeding/core/class.treems.php on line 451
[09-May-2013 12:23:31] PHP Notice:  Undefined offset: 0 in /var/www/tbl/pro-seeding/modules/tbl_proseeding/class.tbl_proseeding.php on line 378
[09-May-2013 12:32:52] PHP Notice:  Undefined index: HTTP_REFERER in /var/www/tbl/pro-seeding/core/class.treems.php on line 451
[09-May-2013 12:33:16] PHP Notice:  Undefined offset: 0 in /var/www/tbl/pro-seeding/modules/tbl_proseeding/class.tbl_proseeding.php on line 378
[09-May-2013 12:36:48] PHP Notice:  Undefined index: HTTP_REFERER in /var/www/tbl/pro-seeding/core/class.treems.php on line 451
[09-May-2013 12:37:01] PHP Notice:  Undefined offset: 0 in /var/www/tbl/pro-seeding/modules/tbl_proseeding/class.tbl_proseeding.php on line 378
[09-May-2013 12:37:26] PHP Notice:  Undefined index: HTTP_REFERER in /var/www/tbl/pro-seeding/core/class.treems.php on line 451
[09-May-2013 12:37:36] PHP Notice:  Undefined offset: 0 in /var/www/tbl/pro-seeding/modules/tbl_proseeding/class.tbl_proseeding.php on line 378
[09-May-2013 12:40:36] PHP Notice:  Undefined index: HTTP_REFERER in /var/www/tbl/pro-seeding/core/class.treems.php on line 451
[09-May-2013 12:40:47] PHP Notice:  Undefined offset: 0 in /var/www/tbl/pro-seeding/modules/tbl_proseeding/class.tbl_proseeding.php on line 378
[09-May-2013 12:47:29] PHP Notice:  Undefined index: HTTP_REFERER in /var/www/tbl/pro-seeding/core/class.treems.php on line 451
[09-May-2013 12:48:33] PHP Notice:  Undefined offset: 0 in /var/www/tbl/pro-seeding/modules/tbl_proseeding/class.tbl_proseeding.php on line 378
[09-May-2013 12:49:50] PHP Notice:  Undefined offset: 0 in /var/www/tbl/pro-seeding/modules/tbl_proseeding/class.tbl_proseeding.php on line 378
[09-May-2013 12:51:35] PHP Notice:  Undefined index: HTTP_REFERER in /var/www/tbl/pro-seeding/core/class.treems.php on line 451
[09-May-2013 12:51:44] PHP Notice:  Undefined offset: 0 in /var/www/tbl/pro-seeding/modules/tbl_proseeding/class.tbl_proseeding.php on line 378
[09-May-2013 12:54:18] PHP Notice:  Undefined variable: code in /var/www/tbl/pro-seeding/templates/pro-seeding/includes/init.php on line 22
[09-May-2013 12:54:18] PHP Notice:  Undefined index: HTTP_REFERER in /var/www/tbl/pro-seeding/core/class.treems.php on line 451
[09-May-2013 12:54:50] PHP Notice:  Undefined offset: 0 in /var/www/tbl/pro-seeding/modules/tbl_proseeding/class.tbl_proseeding.php on line 378
[09-May-2013 12:55:39] PHP Notice:  Undefined index: HTTP_REFERER in /var/www/tbl/pro-seeding/core/class.treems.php on line 451
[09-May-2013 12:55:50] PHP Notice:  Undefined offset: 0 in /var/www/tbl/pro-seeding/modules/tbl_proseeding/class.tbl_proseeding.php on line 378
[09-May-2013 13:01:58] PHP Notice:  Undefined index: HTTP_REFERER in /var/www/tbl/pro-seeding/core/class.treems.php on line 451
[09-May-2013 13:02:08] PHP Notice:  Undefined offset: 0 in /var/www/tbl/pro-seeding/modules/tbl_proseeding/class.tbl_proseeding.php on line 378
[09-May-2013 13:32:00] PHP Notice:  Undefined index: HTTP_REFERER in /var/www/tbl/pro-seeding/core/class.treems.php on line 451
[09-May-2013 13:32:25] PHP Notice:  Undefined offset: 0 in /var/www/tbl/pro-seeding/modules/tbl_proseeding/class.tbl_proseeding.php on line 378
[09-May-2013 14:30:28] PHP Notice:  Undefined offset: 0 in /var/www/tbl/pro-seeding/modules/tbl_proseeding/class.tbl_proseeding.php on line 379
[09-May-2013 14:30:37] PHP Notice:  Undefined offset: 0 in /var/www/tbl/pro-seeding/modules/tbl_proseeding/class.tbl_proseeding.php on line 379
[09-May-2013 15:36:22] PHP Notice:  Undefined index: HTTP_REFERER in /var/www/tbl/pro-seeding/core/class.treems.php on line 451
[09-May-2013 15:36:31] PHP Notice:  Undefined offset: 0 in /var/www/tbl/pro-seeding/modules/tbl_proseeding/class.tbl_proseeding.php on line 379
[09-May-2013 15:38:00] PHP Notice:  Undefined index: HTTP_REFERER in /var/www/tbl/pro-seeding/core/class.treems.php on line 451
[09-May-2013 15:38:07] PHP Notice:  Undefined offset: 0 in /var/www/tbl/pro-seeding/modules/tbl_proseeding/class.tbl_proseeding.php on line 379
[09-May-2013 15:38:49] PHP Notice:  Undefined index: HTTP_REFERER in /var/www/tbl/pro-seeding/core/class.treems.php on line 451
[09-May-2013 15:38:55] PHP Notice:  Undefined offset: 0 in /var/www/tbl/pro-seeding/modules/tbl_proseeding/class.tbl_proseeding.php on line 379
[09-May-2013 15:40:08] PHP Notice:  Undefined index: HTTP_REFERER in /var/www/tbl/pro-seeding/core/class.treems.php on line 451
[09-May-2013 15:40:14] PHP Notice:  Undefined offset: 0 in /var/www/tbl/pro-seeding/modules/tbl_proseeding/class.tbl_proseeding.php on line 379
[09-May-2013 15:48:33] PHP Notice:  Undefined index: HTTP_REFERER in /var/www/tbl/pro-seeding/core/class.treems.php on line 451
[09-May-2013 15:48:38] PHP Notice:  Undefined offset: 0 in /var/www/tbl/pro-seeding/modules/tbl_proseeding/class.tbl_proseeding.php on line 379
[09-May-2013 15:49:53] PHP Notice:  Undefined index: HTTP_REFERER in /var/www/tbl/pro-seeding/core/class.treems.php on line 451
[09-May-2013 15:50:03] PHP Notice:  Undefined offset: 0 in /var/www/tbl/pro-seeding/modules/tbl_proseeding/class.tbl_proseeding.php on line 379
[09-May-2013 16:14:53] PHP Notice:  Undefined index: HTTP_REFERER in /var/www/tbl/pro-seeding/core/class.treems.php on line 451
[09-May-2013 16:27:31] PHP Notice:  Undefined index: HTTP_REFERER in /var/www/tbl/pro-seeding/core/class.treems.php on line 451
[09-May-2013 16:30:57] PHP Notice:  Undefined index: HTTP_REFERER in /var/www/tbl/pro-seeding/core/class.treems.php on line 451
[09-May-2013 16:31:57] PHP Notice:  Undefined index: HTTP_REFERER in /var/www/tbl/pro-seeding/core/class.treems.php on line 451
[10-May-2013 09:52:31] PHP Notice:  Undefined index: HTTP_REFERER in /var/www/tbl/pro-seeding/core/class.treems.php on line 451
[10-May-2013 09:57:11] PHP Notice:  Undefined offset: 0 in /var/www/tbl/pro-seeding/modules/tbl_proseeding/class.tbl_proseeding.php on line 379
[10-May-2013 09:59:42] PHP Notice:  Undefined index: HTTP_REFERER in /var/www/tbl/pro-seeding/core/class.treems.php on line 451
[10-May-2013 09:59:46] PHP Notice:  Undefined offset: 0 in /var/www/tbl/pro-seeding/modules/tbl_proseeding/class.tbl_proseeding.php on line 379
[10-May-2013 10:02:15] PHP Notice:  Undefined index: HTTP_REFERER in /var/www/tbl/pro-seeding/core/class.treems.php on line 451
[10-May-2013 10:02:20] PHP Notice:  Undefined offset: 0 in /var/www/tbl/pro-seeding/modules/tbl_proseeding/class.tbl_proseeding.php on line 379
[10-May-2013 11:45:33] PHP Notice:  Undefined index: HTTP_REFERER in /var/www/tbl/pro-seeding/core/class.treems.php on line 451
[10-May-2013 11:48:46] PHP Notice:  Undefined index: HTTP_REFERER in /var/www/tbl/pro-seeding/core/class.treems.php on line 451
[10-May-2013 11:48:59] PHP Notice:  Undefined index: HTTP_REFERER in /var/www/tbl/pro-seeding/core/class.treems.php on line 451
[10-May-2013 12:24:33] PHP Notice:  Undefined index: HTTP_REFERER in /var/www/tbl/pro-seeding/core/class.treems.php on line 451
[10-May-2013 12:28:36] PHP Notice:  Undefined index: HTTP_REFERER in /var/www/tbl/pro-seeding/core/class.treems.php on line 451
[10-May-2013 12:31:29] PHP Notice:  Undefined index: HTTP_REFERER in /var/www/tbl/pro-seeding/core/class.treems.php on line 451
[10-May-2013 12:34:32] PHP Notice:  Undefined index: HTTP_REFERER in /var/www/tbl/pro-seeding/core/class.treems.php on line 451
[10-May-2013 12:38:11] PHP Notice:  Undefined index: HTTP_REFERER in /var/www/tbl/pro-seeding/core/class.treems.php on line 451
[10-May-2013 12:47:41] PHP Notice:  Undefined index: HTTP_REFERER in /var/www/tbl/pro-seeding/core/class.treems.php on line 451
[10-May-2013 12:48:45] PHP Notice:  Undefined index: HTTP_REFERER in /var/www/tbl/pro-seeding/core/class.treems.php on line 451
[10-May-2013 12:48:59] PHP Notice:  Undefined index: HTTP_REFERER in /var/www/tbl/pro-seeding/core/class.treems.php on line 451
[10-May-2013 12:50:32] PHP Notice:  Undefined index: HTTP_REFERER in /var/www/tbl/pro-seeding/core/class.treems.php on line 451
[10-May-2013 12:51:31] PHP Notice:  Undefined index: HTTP_REFERER in /var/www/tbl/pro-seeding/core/class.treems.php on line 451
[10-May-2013 12:52:48] PHP Notice:  Undefined index: HTTP_REFERER in /var/www/tbl/pro-seeding/core/class.treems.php on line 451
[10-May-2013 12:53:33] PHP Notice:  Undefined index: HTTP_REFERER in /var/www/tbl/pro-seeding/core/class.treems.php on line 451
[10-May-2013 13:14:10] PHP Notice:  Undefined index: HTTP_REFERER in /var/www/tbl/pro-seeding/core/class.treems.php on line 451
[10-May-2013 13:15:23] PHP Notice:  Undefined index: HTTP_REFERER in /var/www/tbl/pro-seeding/core/class.treems.php on line 451
[10-May-2013 13:16:27] PHP Notice:  Undefined index: HTTP_REFERER in /var/www/tbl/pro-seeding/core/class.treems.php on line 451
[10-May-2013 13:18:15] PHP Notice:  Undefined index: HTTP_REFERER in /var/www/tbl/pro-seeding/core/class.treems.php on line 451
[10-May-2013 13:20:00] PHP Notice:  Undefined index: HTTP_REFERER in /var/www/tbl/pro-seeding/core/class.treems.php on line 451
[10-May-2013 13:21:19] PHP Notice:  Undefined index: HTTP_REFERER in /var/www/tbl/pro-seeding/core/class.treems.php on line 451
[10-May-2013 13:21:59] PHP Notice:  Undefined index: HTTP_REFERER in /var/www/tbl/pro-seeding/core/class.treems.php on line 451
[10-May-2013 13:22:45] PHP Notice:  Undefined index: HTTP_REFERER in /var/www/tbl/pro-seeding/core/class.treems.php on line 451
[10-May-2013 13:26:55] PHP Notice:  Undefined index: HTTP_REFERER in /var/www/tbl/pro-seeding/core/class.treems.php on line 451
[10-May-2013 13:28:36] PHP Notice:  Undefined index: HTTP_REFERER in /var/www/tbl/pro-seeding/core/class.treems.php on line 451
[10-May-2013 13:30:07] PHP Notice:  Undefined index: HTTP_REFERER in /var/www/tbl/pro-seeding/core/class.treems.php on line 451
[10-May-2013 13:32:04] PHP Notice:  Undefined index: HTTP_REFERER in /var/www/tbl/pro-seeding/core/class.treems.php on line 451
[10-May-2013 13:35:42] PHP Notice:  Undefined index: HTTP_REFERER in /var/www/tbl/pro-seeding/core/class.treems.php on line 451
[10-May-2013 13:36:04] PHP Notice:  Undefined index: HTTP_REFERER in /var/www/tbl/pro-seeding/core/class.treems.php on line 451
[10-May-2013 13:36:27] PHP Notice:  Undefined index: HTTP_REFERER in /var/www/tbl/pro-seeding/core/class.treems.php on line 451
[10-May-2013 13:37:07] PHP Notice:  Undefined index: HTTP_REFERER in /var/www/tbl/pro-seeding/core/class.treems.php on line 451
[10-May-2013 13:37:46] PHP Notice:  Undefined index: HTTP_REFERER in /var/www/tbl/pro-seeding/core/class.treems.php on line 451
[10-May-2013 13:38:16] PHP Notice:  Undefined index: HTTP_REFERER in /var/www/tbl/pro-seeding/core/class.treems.php on line 451
[10-May-2013 13:38:31] PHP Notice:  Undefined index: HTTP_REFERER in /var/www/tbl/pro-seeding/core/class.treems.php on line 451
[10-May-2013 13:39:18] PHP Notice:  Undefined index: HTTP_REFERER in /var/www/tbl/pro-seeding/core/class.treems.php on line 451
[10-May-2013 13:41:15] PHP Notice:  Undefined index: HTTP_REFERER in /var/www/tbl/pro-seeding/core/class.treems.php on line 451
[10-May-2013 13:41:59] PHP Notice:  Undefined index: HTTP_REFERER in /var/www/tbl/pro-seeding/core/class.treems.php on line 451
[10-May-2013 13:42:18] PHP Notice:  Undefined index: HTTP_REFERER in /var/www/tbl/pro-seeding/core/class.treems.php on line 451
[10-May-2013 13:51:32] PHP Notice:  Undefined index: HTTP_REFERER in /var/www/tbl/pro-seeding/core/class.treems.php on line 451
[10-May-2013 13:51:42] PHP Notice:  Undefined index: HTTP_REFERER in /var/www/tbl/pro-seeding/core/class.treems.php on line 451
[10-May-2013 13:51:49] PHP Notice:  Undefined index: HTTP_REFERER in /var/www/tbl/pro-seeding/core/class.treems.php on line 451
[10-May-2013 13:55:01] PHP Notice:  Undefined index: HTTP_REFERER in /var/www/tbl/pro-seeding/core/class.treems.php on line 451
[10-May-2013 13:55:34] PHP Notice:  Undefined index: HTTP_REFERER in /var/www/tbl/pro-seeding/core/class.treems.php on line 451
[10-May-2013 13:56:44] PHP Notice:  Undefined index: HTTP_REFERER in /var/www/tbl/pro-seeding/core/class.treems.php on line 451
[10-May-2013 14:03:04] PHP Notice:  Undefined index: HTTP_REFERER in /var/www/tbl/pro-seeding/core/class.treems.php on line 451
[10-May-2013 14:25:46] PHP Notice:  Undefined index: HTTP_REFERER in /var/www/tbl/pro-seeding/core/class.treems.php on line 451
[10-May-2013 14:26:23] PHP Notice:  Undefined index: HTTP_REFERER in /var/www/tbl/pro-seeding/core/class.treems.php on line 451
[10-May-2013 14:26:50] PHP Notice:  Undefined index: HTTP_REFERER in /var/www/tbl/pro-seeding/core/class.treems.php on line 451
[10-May-2013 14:27:59] PHP Notice:  Undefined index: HTTP_REFERER in /var/www/tbl/pro-seeding/core/class.treems.php on line 451
[10-May-2013 14:30:27] PHP Notice:  Undefined index: HTTP_REFERER in /var/www/tbl/pro-seeding/core/class.treems.php on line 451
[10-May-2013 14:36:58] PHP Notice:  Undefined index: HTTP_REFERER in /var/www/tbl/pro-seeding/core/class.treems.php on line 451
[10-May-2013 14:48:13] PHP Notice:  Undefined index: HTTP_REFERER in /var/www/tbl/pro-seeding/core/class.treems.php on line 451
[10-May-2013 14:49:57] PHP Notice:  Undefined index: HTTP_REFERER in /var/www/tbl/pro-seeding/core/class.treems.php on line 451
[10-May-2013 14:50:15] PHP Notice:  Undefined index: HTTP_REFERER in /var/www/tbl/pro-seeding/core/class.treems.php on line 451
[10-May-2013 14:50:41] PHP Notice:  Undefined index: HTTP_REFERER in /var/www/tbl/pro-seeding/core/class.treems.php on line 451
[10-May-2013 14:50:44] PHP Notice:  Undefined index: HTTP_REFERER in /var/www/tbl/pro-seeding/core/class.treems.php on line 451
[10-May-2013 14:52:14] PHP Notice:  Undefined index: HTTP_REFERER in /var/www/tbl/pro-seeding/core/class.treems.php on line 451
[10-May-2013 14:53:49] PHP Notice:  Undefined index: HTTP_REFERER in /var/www/tbl/pro-seeding/core/class.treems.php on line 451
[10-May-2013 14:54:29] PHP Notice:  Undefined index: HTTP_REFERER in /var/www/tbl/pro-seeding/core/class.treems.php on line 451
[10-May-2013 14:56:22] PHP Notice:  Undefined index: HTTP_REFERER in /var/www/tbl/pro-seeding/core/class.treems.php on line 451
[10-May-2013 15:26:26] PHP Notice:  Undefined index: HTTP_REFERER in /var/www/tbl/pro-seeding/core/class.treems.php on line 451
[10-May-2013 15:26:37] PHP Notice:  Undefined index: HTTP_REFERER in /var/www/tbl/pro-seeding/core/class.treems.php on line 451
[10-May-2013 15:26:44] PHP Notice:  Undefined index: HTTP_REFERER in /var/www/tbl/pro-seeding/core/class.treems.php on line 451
[10-May-2013 15:27:53] PHP Notice:  Undefined index: HTTP_REFERER in /var/www/tbl/pro-seeding/core/class.treems.php on line 451
[10-May-2013 15:28:07] PHP Notice:  Undefined index: HTTP_REFERER in /var/www/tbl/pro-seeding/core/class.treems.php on line 451
[10-May-2013 15:28:55] PHP Notice:  Undefined index: HTTP_REFERER in /var/www/tbl/pro-seeding/core/class.treems.php on line 451
[10-May-2013 15:29:02] PHP Notice:  Undefined index: HTTP_REFERER in /var/www/tbl/pro-seeding/core/class.treems.php on line 451
[10-May-2013 15:30:25] PHP Notice:  Undefined index: HTTP_REFERER in /var/www/tbl/pro-seeding/core/class.treems.php on line 451
[10-May-2013 15:47:56] PHP Notice:  Undefined index: HTTP_REFERER in /var/www/tbl/pro-seeding/core/class.treems.php on line 451
[10-May-2013 15:48:36] PHP Notice:  Undefined index: HTTP_REFERER in /var/www/tbl/pro-seeding/core/class.treems.php on line 451
[10-May-2013 15:53:32] PHP Notice:  Undefined index: HTTP_REFERER in /var/www/tbl/pro-seeding/core/class.treems.php on line 451
[10-May-2013 15:55:51] PHP Notice:  Undefined index: HTTP_REFERER in /var/www/tbl/pro-seeding/core/class.treems.php on line 451
[10-May-2013 15:56:01] PHP Notice:  Undefined index: HTTP_REFERER in /var/www/tbl/pro-seeding/core/class.treems.php on line 451
[10-May-2013 15:56:04] PHP Notice:  Undefined index: HTTP_REFERER in /var/www/tbl/pro-seeding/core/class.treems.php on line 451
[10-May-2013 16:00:05] PHP Notice:  Undefined index: HTTP_REFERER in /var/www/tbl/pro-seeding/core/class.treems.php on line 451
[10-May-2013 16:00:54] PHP Notice:  Undefined index: HTTP_REFERER in /var/www/tbl/pro-seeding/core/class.treems.php on line 451
[10-May-2013 16:04:56] PHP Notice:  Undefined index: HTTP_REFERER in /var/www/tbl/pro-seeding/core/class.treems.php on line 451
[10-May-2013 18:06:57] PHP Notice:  Undefined index: HTTP_REFERER in /var/www/tbl/pro-seeding/core/class.treems.php on line 451
[10-May-2013 18:07:22] PHP Notice:  Undefined offset: 0 in /var/www/tbl/pro-seeding/modules/tbl_proseeding/class.tbl_proseeding.php on line 379
[10-May-2013 18:08:28] PHP Notice:  Undefined index: HTTP_REFERER in /var/www/tbl/pro-seeding/core/class.treems.php on line 451
[10-May-2013 18:09:00] PHP Notice:  Undefined index: HTTP_REFERER in /var/www/tbl/pro-seeding/core/class.treems.php on line 451
[13-May-2013 11:06:15] PHP Notice:  Undefined index: HTTP_REFERER in /var/www/tbl/pro-seeding/core/class.treems.php on line 451
[13-May-2013 11:07:18] PHP Notice:  Undefined index: HTTP_REFERER in /var/www/tbl/pro-seeding/core/class.treems.php on line 451
[13-May-2013 11:08:09] PHP Notice:  Undefined index: HTTP_REFERER in /var/www/tbl/pro-seeding/core/class.treems.php on line 451
[13-May-2013 11:08:53] PHP Notice:  Undefined index: HTTP_REFERER in /var/www/tbl/pro-seeding/core/class.treems.php on line 451
[13-May-2013 11:09:13] PHP Notice:  Undefined index: HTTP_REFERER in /var/www/tbl/pro-seeding/core/class.treems.php on line 451
[13-May-2013 11:10:09] PHP Notice:  Undefined index: HTTP_REFERER in /var/www/tbl/pro-seeding/core/class.treems.php on line 451
[13-May-2013 11:11:07] PHP Notice:  Undefined index: HTTP_REFERER in /var/www/tbl/pro-seeding/core/class.treems.php on line 451
[13-May-2013 11:14:34] PHP Notice:  Undefined index: HTTP_REFERER in /var/www/tbl/pro-seeding/core/class.treems.php on line 451
[13-May-2013 11:15:22] PHP Notice:  Undefined index: HTTP_REFERER in /var/www/tbl/pro-seeding/core/class.treems.php on line 451
[13-May-2013 11:17:59] PHP Notice:  Undefined index: HTTP_REFERER in /var/www/tbl/pro-seeding/core/class.treems.php on line 451
[13-May-2013 11:18:24] PHP Notice:  Undefined index: HTTP_REFERER in /var/www/tbl/pro-seeding/core/class.treems.php on line 451
[13-May-2013 11:20:03] PHP Notice:  Undefined index: HTTP_REFERER in /var/www/tbl/pro-seeding/core/class.treems.php on line 451
[13-May-2013 11:22:20] PHP Notice:  Undefined index: HTTP_REFERER in /var/www/tbl/pro-seeding/core/class.treems.php on line 451
[13-May-2013 11:33:16] PHP Notice:  Undefined index: HTTP_REFERER in /var/www/tbl/pro-seeding/core/class.treems.php on line 451
[13-May-2013 11:35:14] PHP Notice:  Undefined index: HTTP_REFERER in /var/www/tbl/pro-seeding/core/class.treems.php on line 451
[13-May-2013 11:35:49] PHP Notice:  Undefined index: HTTP_REFERER in /var/www/tbl/pro-seeding/core/class.treems.php on line 451
[13-May-2013 11:36:50] PHP Notice:  Undefined index: HTTP_REFERER in /var/www/tbl/pro-seeding/core/class.treems.php on line 451
[13-May-2013 11:37:53] PHP Notice:  Undefined index: HTTP_REFERER in /var/www/tbl/pro-seeding/core/class.treems.php on line 451
[13-May-2013 11:38:47] PHP Notice:  Undefined index: HTTP_REFERER in /var/www/tbl/pro-seeding/core/class.treems.php on line 451
[13-May-2013 11:39:32] PHP Notice:  Undefined index: HTTP_REFERER in /var/www/tbl/pro-seeding/core/class.treems.php on line 451
[13-May-2013 11:41:05] PHP Notice:  Undefined index: HTTP_REFERER in /var/www/tbl/pro-seeding/core/class.treems.php on line 451
[13-May-2013 11:41:19] PHP Notice:  Undefined index: HTTP_REFERER in /var/www/tbl/pro-seeding/core/class.treems.php on line 451
[13-May-2013 11:42:36] PHP Notice:  Undefined index: HTTP_REFERER in /var/www/tbl/pro-seeding/core/class.treems.php on line 451
[13-May-2013 11:42:45] PHP Notice:  Undefined index: HTTP_REFERER in /var/www/tbl/pro-seeding/core/class.treems.php on line 451
[13-May-2013 11:43:37] PHP Notice:  Undefined index: HTTP_REFERER in /var/www/tbl/pro-seeding/core/class.treems.php on line 451
[13-May-2013 11:46:57] PHP Notice:  Undefined index: HTTP_REFERER in /var/www/tbl/pro-seeding/core/class.treems.php on line 451
[13-May-2013 11:47:28] PHP Notice:  Undefined index: HTTP_REFERER in /var/www/tbl/pro-seeding/core/class.treems.php on line 451
[13-May-2013 11:49:26] PHP Notice:  Undefined index: HTTP_REFERER in /var/www/tbl/pro-seeding/core/class.treems.php on line 451
[13-May-2013 11:50:21] PHP Notice:  Undefined index: HTTP_REFERER in /var/www/tbl/pro-seeding/core/class.treems.php on line 451
[13-May-2013 11:50:43] PHP Notice:  Undefined index: HTTP_REFERER in /var/www/tbl/pro-seeding/core/class.treems.php on line 451
[13-May-2013 11:50:46] PHP Notice:  Undefined index: HTTP_REFERER in /var/www/tbl/pro-seeding/core/class.treems.php on line 451
[13-May-2013 11:53:04] PHP Notice:  Undefined index: HTTP_REFERER in /var/www/tbl/pro-seeding/core/class.treems.php on line 451
[13-May-2013 11:53:20] PHP Notice:  Undefined index: HTTP_REFERER in /var/www/tbl/pro-seeding/core/class.treems.php on line 451
[13-May-2013 11:59:48] PHP Notice:  Undefined index: HTTP_REFERER in /var/www/tbl/pro-seeding/core/class.treems.php on line 451
[13-May-2013 12:00:58] PHP Notice:  Undefined index: HTTP_REFERER in /var/www/tbl/pro-seeding/core/class.treems.php on line 451
[13-May-2013 12:02:23] PHP Notice:  Undefined index: HTTP_REFERER in /var/www/tbl/pro-seeding/core/class.treems.php on line 451
[13-May-2013 12:02:59] PHP Notice:  Undefined index: HTTP_REFERER in /var/www/tbl/pro-seeding/core/class.treems.php on line 451
[13-May-2013 12:04:03] PHP Notice:  Undefined index: HTTP_REFERER in /var/www/tbl/pro-seeding/core/class.treems.php on line 451
[13-May-2013 12:05:04] PHP Notice:  Undefined index: HTTP_REFERER in /var/www/tbl/pro-seeding/core/class.treems.php on line 451
[13-May-2013 12:11:02] PHP Notice:  Undefined index: HTTP_REFERER in /var/www/tbl/pro-seeding/core/class.treems.php on line 451
[13-May-2013 12:11:28] PHP Notice:  Undefined index: HTTP_REFERER in /var/www/tbl/pro-seeding/core/class.treems.php on line 451
[13-May-2013 12:12:09] PHP Notice:  Undefined index: HTTP_REFERER in /var/www/tbl/pro-seeding/core/class.treems.php on line 451
[13-May-2013 12:12:48] PHP Notice:  Undefined index: HTTP_REFERER in /var/www/tbl/pro-seeding/core/class.treems.php on line 451
[13-May-2013 12:13:15] PHP Notice:  Undefined index: HTTP_REFERER in /var/www/tbl/pro-seeding/core/class.treems.php on line 451
[13-May-2013 12:13:52] PHP Notice:  Undefined index: HTTP_REFERER in /var/www/tbl/pro-seeding/core/class.treems.php on line 451
[13-May-2013 12:13:58] PHP Notice:  Undefined index: HTTP_REFERER in /var/www/tbl/pro-seeding/core/class.treems.php on line 451
[13-May-2013 12:14:09] PHP Notice:  Undefined index: HTTP_REFERER in /var/www/tbl/pro-seeding/core/class.treems.php on line 451
[13-May-2013 12:14:28] PHP Notice:  Undefined index: HTTP_REFERER in /var/www/tbl/pro-seeding/core/class.treems.php on line 451
[13-May-2013 12:14:34] PHP Notice:  Undefined index: HTTP_REFERER in /var/www/tbl/pro-seeding/core/class.treems.php on line 451
[13-May-2013 12:14:37] PHP Notice:  Undefined index: HTTP_REFERER in /var/www/tbl/pro-seeding/core/class.treems.php on line 451
[13-May-2013 12:14:41] PHP Notice:  Undefined index: HTTP_REFERER in /var/www/tbl/pro-seeding/core/class.treems.php on line 451
[13-May-2013 12:16:09] PHP Notice:  Undefined index: HTTP_REFERER in /var/www/tbl/pro-seeding/core/class.treems.php on line 451
[13-May-2013 12:17:12] PHP Notice:  Undefined index: HTTP_REFERER in /var/www/tbl/pro-seeding/core/class.treems.php on line 451
[13-May-2013 12:19:16] PHP Notice:  Undefined index: HTTP_REFERER in /var/www/tbl/pro-seeding/core/class.treems.php on line 451
[13-May-2013 12:20:22] PHP Notice:  Undefined index: HTTP_REFERER in /var/www/tbl/pro-seeding/core/class.treems.php on line 451
[13-May-2013 12:20:49] PHP Notice:  Undefined index: HTTP_REFERER in /var/www/tbl/pro-seeding/core/class.treems.php on line 451
[13-May-2013 12:21:12] PHP Notice:  Undefined index: HTTP_REFERER in /var/www/tbl/pro-seeding/core/class.treems.php on line 451
[13-May-2013 12:21:31] PHP Notice:  Undefined index: HTTP_REFERER in /var/www/tbl/pro-seeding/core/class.treems.php on line 451
[13-May-2013 12:22:24] PHP Notice:  Undefined index: HTTP_REFERER in /var/www/tbl/pro-seeding/core/class.treems.php on line 451
[13-May-2013 12:23:54] PHP Notice:  Undefined index: HTTP_REFERER in /var/www/tbl/pro-seeding/core/class.treems.php on line 451
[13-May-2013 12:24:56] PHP Notice:  Undefined index: HTTP_REFERER in /var/www/tbl/pro-seeding/core/class.treems.php on line 451
[13-May-2013 12:27:08] PHP Notice:  Undefined index: HTTP_REFERER in /var/www/tbl/pro-seeding/core/class.treems.php on line 451
[13-May-2013 12:27:44] PHP Notice:  Undefined index: HTTP_REFERER in /var/www/tbl/pro-seeding/core/class.treems.php on line 451
[13-May-2013 12:30:20] PHP Notice:  Undefined index: HTTP_REFERER in /var/www/tbl/pro-seeding/core/class.treems.php on line 451
[13-May-2013 12:30:25] PHP Notice:  Undefined index: HTTP_REFERER in /var/www/tbl/pro-seeding/core/class.treems.php on line 451
[13-May-2013 12:30:56] PHP Notice:  Undefined index: HTTP_REFERER in /var/www/tbl/pro-seeding/core/class.treems.php on line 451
[13-May-2013 12:31:21] PHP Notice:  Undefined index: HTTP_REFERER in /var/www/tbl/pro-seeding/core/class.treems.php on line 451
[13-May-2013 12:31:26] PHP Notice:  Undefined index: HTTP_REFERER in /var/www/tbl/pro-seeding/core/class.treems.php on line 451
[13-May-2013 12:31:36] PHP Notice:  Undefined index: HTTP_REFERER in /var/www/tbl/pro-seeding/core/class.treems.php on line 451
[13-May-2013 12:32:46] PHP Notice:  Undefined index: HTTP_REFERER in /var/www/tbl/pro-seeding/core/class.treems.php on line 451
[13-May-2013 12:32:56] PHP Notice:  Undefined index: HTTP_REFERER in /var/www/tbl/pro-seeding/core/class.treems.php on line 451
[13-May-2013 12:33:08] PHP Notice:  Undefined offset: 0 in /var/www/tbl/pro-seeding/modules/tbl_proseeding/class.tbl_proseeding.php on line 379
[13-May-2013 12:33:51] PHP Notice:  Undefined offset: 0 in /var/www/tbl/pro-seeding/modules/tbl_proseeding/class.tbl_proseeding.php on line 379
[13-May-2013 12:34:31] PHP Notice:  Undefined offset: 0 in /var/www/tbl/pro-seeding/modules/tbl_proseeding/class.tbl_proseeding.php on line 379
[13-May-2013 12:35:09] PHP Notice:  Undefined index: HTTP_REFERER in /var/www/tbl/pro-seeding/core/class.treems.php on line 451
[13-May-2013 15:40:52] PHP Notice:  Undefined offset: 0 in /var/www/tbl/pro-seeding/modules/tbl_proseeding/class.tbl_proseeding.php on line 379
[13-May-2013 15:41:21] PHP Notice:  Undefined offset: 0 in /var/www/tbl/pro-seeding/modules/tbl_proseeding/class.tbl_proseeding.php on line 379
[13-May-2013 15:49:41] PHP Notice:  Undefined variable: code in /var/www/tbl/pro-seeding/templates/pro-seeding/includes/init.php on line 22
[13-May-2013 15:49:41] PHP Notice:  Undefined index: HTTP_REFERER in /var/www/tbl/pro-seeding/core/class.treems.php on line 451
[13-May-2013 15:51:57] PHP Notice:  Undefined index: HTTP_REFERER in /var/www/tbl/pro-seeding/core/class.treems.php on line 451
[13-May-2013 15:52:03] PHP Notice:  Undefined offset: 0 in /var/www/tbl/pro-seeding/modules/tbl_proseeding/class.tbl_proseeding.php on line 379
[13-May-2013 15:54:10] PHP Notice:  Undefined offset: 0 in /var/www/tbl/pro-seeding/modules/tbl_proseeding/class.tbl_proseeding.php on line 379
[13-May-2013 15:59:52] PHP Notice:  Undefined offset: 0 in /var/www/tbl/pro-seeding/modules/tbl_proseeding/class.tbl_proseeding.php on line 379
[13-May-2013 16:01:37] PHP Notice:  Undefined offset: 0 in /var/www/tbl/pro-seeding/modules/tbl_proseeding/class.tbl_proseeding.php on line 379
[13-May-2013 16:14:44] PHP Parse error:  syntax error, unexpected '}' in /var/www/tbl/pro-seeding/templates/pro-seeding/a.php on line 36
[13-May-2013 16:15:59] PHP Notice:  Undefined offset: 0 in /var/www/tbl/pro-seeding/modules/tbl_proseeding/class.tbl_proseeding.php on line 379
[13-May-2013 16:16:08] PHP Notice:  Undefined index: HTTP_REFERER in /var/www/tbl/pro-seeding/core/class.treems.php on line 451
[13-May-2013 16:16:21] PHP Notice:  Undefined offset: 0 in /var/www/tbl/pro-seeding/modules/tbl_proseeding/class.tbl_proseeding.php on line 379
[13-May-2013 16:16:59] PHP Notice:  Undefined offset: 0 in /var/www/tbl/pro-seeding/modules/tbl_proseeding/class.tbl_proseeding.php on line 379
[13-May-2013 16:18:08] PHP Notice:  Undefined offset: 0 in /var/www/tbl/pro-seeding/modules/tbl_proseeding/class.tbl_proseeding.php on line 379
[13-May-2013 16:18:39] PHP Notice:  Undefined index: HTTP_REFERER in /var/www/tbl/pro-seeding/core/class.treems.php on line 451
[13-May-2013 16:18:45] PHP Notice:  Undefined offset: 0 in /var/www/tbl/pro-seeding/modules/tbl_proseeding/class.tbl_proseeding.php on line 379
[13-May-2013 16:33:47] PHP Notice:  Undefined index: HTTP_REFERER in /var/www/tbl/pro-seeding/core/class.treems.php on line 451
[13-May-2013 16:34:00] PHP Notice:  Undefined offset: 0 in /var/www/tbl/pro-seeding/modules/tbl_proseeding/class.tbl_proseeding.php on line 379
[13-May-2013 16:35:27] PHP Notice:  Undefined offset: 0 in /var/www/tbl/pro-seeding/modules/tbl_proseeding/class.tbl_proseeding.php on line 379
[13-May-2013 16:41:33] PHP Notice:  Undefined index: HTTP_REFERER in /var/www/tbl/pro-seeding/core/class.treems.php on line 451
[13-May-2013 16:41:43] PHP Notice:  Undefined offset: 0 in /var/www/tbl/pro-seeding/modules/tbl_proseeding/class.tbl_proseeding.php on line 379
[13-May-2013 16:41:55] PHP Notice:  Undefined index: HTTP_REFERER in /var/www/tbl/pro-seeding/core/class.treems.php on line 451
[13-May-2013 16:42:02] PHP Notice:  Undefined offset: 0 in /var/www/tbl/pro-seeding/modules/tbl_proseeding/class.tbl_proseeding.php on line 379
[13-May-2013 16:42:16] PHP Notice:  Undefined index: HTTP_REFERER in /var/www/tbl/pro-seeding/core/class.treems.php on line 451
[13-May-2013 16:42:26] PHP Notice:  Undefined offset: 0 in /var/www/tbl/pro-seeding/modules/tbl_proseeding/class.tbl_proseeding.php on line 379
[13-May-2013 16:42:54] PHP Notice:  Undefined index: HTTP_REFERER in /var/www/tbl/pro-seeding/core/class.treems.php on line 451
[13-May-2013 16:43:07] PHP Notice:  Undefined offset: 0 in /var/www/tbl/pro-seeding/modules/tbl_proseeding/class.tbl_proseeding.php on line 379
[13-May-2013 16:48:32] PHP Notice:  Undefined offset: 0 in /var/www/tbl/pro-seeding/modules/tbl_proseeding/class.tbl_proseeding.php on line 379
[13-May-2013 16:48:32] PHP Parse error:  syntax error, unexpected T_ELSE in /var/www/tbl/pro-seeding/templates/pro-seeding/includes/welcome-page.php on line 9
[13-May-2013 16:49:01] PHP Notice:  Undefined offset: 0 in /var/www/tbl/pro-seeding/modules/tbl_proseeding/class.tbl_proseeding.php on line 379
[13-May-2013 16:52:31] PHP Notice:  Undefined offset: 0 in /var/www/tbl/pro-seeding/modules/tbl_proseeding/class.tbl_proseeding.php on line 379
[14-May-2013 14:59:53] PHP Notice:  Undefined index: HTTP_REFERER in /var/www/tbl/pro-seeding/core/class.treems.php on line 451
[14-May-2013 14:59:59] PHP Notice:  Undefined offset: 0 in /var/www/tbl/pro-seeding/modules/tbl_proseeding/class.tbl_proseeding.php on line 379
[14-May-2013 15:05:26] PHP Notice:  Undefined offset: 0 in /var/www/tbl/pro-seeding/modules/tbl_proseeding/class.tbl_proseeding.php on line 379
[14-May-2013 15:07:02] PHP Notice:  Undefined offset: 0 in /var/www/tbl/pro-seeding/modules/tbl_proseeding/class.tbl_proseeding.php on line 379
[14-May-2013 15:50:18] PHP Notice:  Undefined variable: code in /var/www/tbl/pro-seeding/templates/pro-seeding/includes/init.php on line 22
[15-May-2013 11:38:38] PHP Notice:  Undefined index: HTTP_REFERER in /var/www/tbl/pro-seeding/core/class.treems.php on line 451
[15-May-2013 11:53:57] PHP Notice:  Undefined offset: 0 in /var/www/tbl/pro-seeding/modules/tbl_proseeding/class.tbl_proseeding.php on line 379
[15-May-2013 11:55:28] PHP Notice:  Undefined index: HTTP_REFERER in /var/www/tbl/pro-seeding/core/class.treems.php on line 451
[15-May-2013 11:55:36] PHP Notice:  Undefined offset: 0 in /var/www/tbl/pro-seeding/modules/tbl_proseeding/class.tbl_proseeding.php on line 379
[15-May-2013 12:12:35] PHP Notice:  Undefined index: HTTP_REFERER in /var/www/tbl/pro-seeding/core/class.treems.php on line 451
[15-May-2013 12:12:42] PHP Notice:  Undefined offset: 0 in /var/www/tbl/pro-seeding/modules/tbl_proseeding/class.tbl_proseeding.php on line 379
[15-May-2013 12:26:15] PHP Notice:  Undefined index: HTTP_REFERER in /var/www/tbl/pro-seeding/core/class.treems.php on line 451
[15-May-2013 12:27:02] PHP Notice:  Undefined index: HTTP_REFERER in /var/www/tbl/pro-seeding/core/class.treems.php on line 451
[15-May-2013 12:27:13] PHP Notice:  Undefined offset: 0 in /var/www/tbl/pro-seeding/modules/tbl_proseeding/class.tbl_proseeding.php on line 379
[15-May-2013 13:27:05] PHP Notice:  Undefined index: HTTP_REFERER in /var/www/tbl/pro-seeding/core/class.treems.php on line 451
[15-May-2013 13:51:43] PHP Notice:  Undefined offset: 0 in /var/www/tbl/pro-seeding/modules/tbl_proseeding/class.tbl_proseeding.php on line 379
[15-May-2013 13:54:38] PHP Notice:  Undefined index: HTTP_REFERER in /var/www/tbl/pro-seeding/core/class.treems.php on line 451
[15-May-2013 14:00:40] PHP Notice:  Undefined index: HTTP_REFERER in /var/www/tbl/pro-seeding/core/class.treems.php on line 451
[15-May-2013 14:01:54] PHP Notice:  Undefined index: HTTP_REFERER in /var/www/tbl/pro-seeding/core/class.treems.php on line 451
[15-May-2013 14:02:02] PHP Notice:  Undefined offset: 0 in /var/www/tbl/pro-seeding/modules/tbl_proseeding/class.tbl_proseeding.php on line 379
[15-May-2013 14:04:53] PHP Notice:  Undefined index: HTTP_REFERER in /var/www/tbl/pro-seeding/core/class.treems.php on line 451
[15-May-2013 14:05:04] PHP Notice:  Undefined offset: 0 in /var/www/tbl/pro-seeding/modules/tbl_proseeding/class.tbl_proseeding.php on line 379
[15-May-2013 14:05:38] PHP Notice:  Undefined index: HTTP_REFERER in /var/www/tbl/pro-seeding/core/class.treems.php on line 451
[15-May-2013 14:05:45] PHP Notice:  Undefined offset: 0 in /var/www/tbl/pro-seeding/modules/tbl_proseeding/class.tbl_proseeding.php on line 379
[15-May-2013 14:10:25] PHP Notice:  Undefined index: HTTP_REFERER in /var/www/tbl/pro-seeding/core/class.treems.php on line 451
[15-May-2013 14:10:35] PHP Notice:  Undefined offset: 0 in /var/www/tbl/pro-seeding/modules/tbl_proseeding/class.tbl_proseeding.php on line 379
[15-May-2013 14:13:42] PHP Notice:  Undefined index: HTTP_REFERER in /var/www/tbl/pro-seeding/core/class.treems.php on line 451
[15-May-2013 14:13:52] PHP Notice:  Undefined offset: 0 in /var/www/tbl/pro-seeding/modules/tbl_proseeding/class.tbl_proseeding.php on line 379
[15-May-2013 14:15:40] PHP Notice:  Undefined index: HTTP_REFERER in /var/www/tbl/pro-seeding/core/class.treems.php on line 451
[15-May-2013 14:15:46] PHP Notice:  Undefined offset: 0 in /var/www/tbl/pro-seeding/modules/tbl_proseeding/class.tbl_proseeding.php on line 379
[15-May-2013 14:24:08] PHP Notice:  Undefined offset: 0 in /var/www/tbl/pro-seeding/modules/tbl_proseeding/class.tbl_proseeding.php on line 379
[15-May-2013 15:38:45] PHP Notice:  Undefined offset: 0 in /var/www/tbl/pro-seeding/modules/tbl_proseeding/class.tbl_proseeding.php on line 379
[15-May-2013 15:38:54] PHP Notice:  Undefined index: HTTP_REFERER in /var/www/tbl/pro-seeding/core/class.treems.php on line 451
[15-May-2013 15:39:03] PHP Notice:  Undefined offset: 0 in /var/www/tbl/pro-seeding/modules/tbl_proseeding/class.tbl_proseeding.php on line 379
[15-May-2013 15:40:09] PHP Notice:  Undefined index: HTTP_REFERER in /var/www/tbl/pro-seeding/core/class.treems.php on line 451
[15-May-2013 15:40:16] PHP Notice:  Undefined offset: 0 in /var/www/tbl/pro-seeding/modules/tbl_proseeding/class.tbl_proseeding.php on line 379
[15-May-2013 15:43:06] PHP Notice:  Undefined offset: 0 in /var/www/tbl/pro-seeding/modules/tbl_proseeding/class.tbl_proseeding.php on line 379
[15-May-2013 17:19:47] PHP Notice:  Undefined variable: code in /var/www/tbl/pro-seeding/templates/pro-seeding/includes/init.php on line 22
[15-May-2013 17:20:12] PHP Notice:  Undefined offset: 0 in /var/www/tbl/pro-seeding/modules/tbl_proseeding/class.tbl_proseeding.php on line 379
[15-May-2013 17:25:39] PHP Notice:  Undefined offset: 0 in /var/www/tbl/pro-seeding/modules/tbl_proseeding/class.tbl_proseeding.php on line 379
[15-May-2013 17:26:37] PHP Notice:  Undefined index: HTTP_REFERER in /var/www/tbl/pro-seeding/core/class.treems.php on line 451
[15-May-2013 17:26:44] PHP Notice:  Undefined offset: 0 in /var/www/tbl/pro-seeding/modules/tbl_proseeding/class.tbl_proseeding.php on line 379
[15-May-2013 17:34:24] PHP Notice:  Undefined offset: 0 in /var/www/tbl/pro-seeding/modules/tbl_proseeding/class.tbl_proseeding.php on line 379
[15-May-2013 17:41:00] PHP Notice:  Undefined offset: 0 in /var/www/tbl/pro-seeding/modules/tbl_proseeding/class.tbl_proseeding.php on line 379
[15-May-2013 17:45:55] PHP Notice:  Undefined offset: 0 in /var/www/tbl/pro-seeding/modules/tbl_proseeding/class.tbl_proseeding.php on line 379
[15-May-2013 17:56:34] PHP Notice:  Undefined offset: 0 in /var/www/tbl/pro-seeding/modules/tbl_proseeding/class.tbl_proseeding.php on line 379
[15-May-2013 17:59:42] PHP Notice:  Undefined offset: 0 in /var/www/tbl/pro-seeding/modules/tbl_proseeding/class.tbl_proseeding.php on line 379
[15-May-2013 18:03:23] PHP Notice:  Undefined index: HTTP_REFERER in /var/www/tbl/pro-seeding/core/class.treems.php on line 451
[15-May-2013 18:03:29] PHP Notice:  Undefined offset: 0 in /var/www/tbl/pro-seeding/modules/tbl_proseeding/class.tbl_proseeding.php on line 379
[15-May-2013 18:05:30] PHP Notice:  Undefined offset: 0 in /var/www/tbl/pro-seeding/modules/tbl_proseeding/class.tbl_proseeding.php on line 379
[15-May-2013 18:05:57] PHP Notice:  Undefined offset: 0 in /var/www/tbl/pro-seeding/modules/tbl_proseeding/class.tbl_proseeding.php on line 379
[15-May-2013 18:06:28] PHP Notice:  Undefined index: HTTP_REFERER in /var/www/tbl/pro-seeding/core/class.treems.php on line 451
[15-May-2013 18:06:34] PHP Notice:  Undefined offset: 0 in /var/www/tbl/pro-seeding/modules/tbl_proseeding/class.tbl_proseeding.php on line 379
[15-May-2013 18:11:23] PHP Notice:  Undefined offset: 0 in /var/www/tbl/pro-seeding/modules/tbl_proseeding/class.tbl_proseeding.php on line 379
[15-May-2013 23:04:49] PHP Notice:  Undefined variable: code in /var/www/tbl/pro-seeding/templates/pro-seeding/includes/init.php on line 22
[16-May-2013 09:14:40] PHP Notice:  Undefined offset: 0 in /var/www/tbl/pro-seeding/modules/tbl_proseeding/class.tbl_proseeding.php on line 379
[16-May-2013 09:39:10] PHP Notice:  Undefined index: HTTP_REFERER in /var/www/tbl/pro-seeding/core/class.treems.php on line 451
[16-May-2013 09:39:16] PHP Notice:  Undefined offset: 0 in /var/www/tbl/pro-seeding/modules/tbl_proseeding/class.tbl_proseeding.php on line 379
[16-May-2013 09:42:09] PHP Notice:  Undefined index: HTTP_REFERER in /var/www/tbl/pro-seeding/core/class.treems.php on line 451
[16-May-2013 09:42:15] PHP Notice:  Undefined offset: 0 in /var/www/tbl/pro-seeding/modules/tbl_proseeding/class.tbl_proseeding.php on line 379
[16-May-2013 09:52:33] PHP Notice:  Undefined index: HTTP_REFERER in /var/www/tbl/pro-seeding/core/class.treems.php on line 451
[16-May-2013 09:52:44] PHP Notice:  Undefined offset: 0 in /var/www/tbl/pro-seeding/modules/tbl_proseeding/class.tbl_proseeding.php on line 379
[16-May-2013 09:54:18] PHP Notice:  Undefined offset: 0 in /var/www/tbl/pro-seeding/modules/tbl_proseeding/class.tbl_proseeding.php on line 379
[16-May-2013 09:54:23] PHP Notice:  Undefined index: HTTP_REFERER in /var/www/tbl/pro-seeding/core/class.treems.php on line 451
[16-May-2013 09:54:29] PHP Notice:  Undefined offset: 0 in /var/www/tbl/pro-seeding/modules/tbl_proseeding/class.tbl_proseeding.php on line 379
[16-May-2013 09:56:41] PHP Notice:  Undefined index: HTTP_REFERER in /var/www/tbl/pro-seeding/core/class.treems.php on line 451
[16-May-2013 10:19:06] PHP Notice:  Undefined index: HTTP_REFERER in /var/www/tbl/pro-seeding/core/class.treems.php on line 451
[16-May-2013 10:41:57] PHP Notice:  Undefined index: HTTP_REFERER in /var/www/tbl/pro-seeding/core/class.treems.php on line 451
[16-May-2013 10:42:08] PHP Notice:  Undefined offset: 0 in /var/www/tbl/pro-seeding/modules/tbl_proseeding/class.tbl_proseeding.php on line 379
[16-May-2013 10:53:43] PHP Notice:  Undefined index: HTTP_REFERER in /var/www/tbl/pro-seeding/core/class.treems.php on line 451
[16-May-2013 10:53:53] PHP Notice:  Undefined offset: 0 in /var/www/tbl/pro-seeding/modules/tbl_proseeding/class.tbl_proseeding.php on line 379
[16-May-2013 10:55:28] PHP Notice:  Undefined offset: 0 in /var/www/tbl/pro-seeding/modules/tbl_proseeding/class.tbl_proseeding.php on line 379
[16-May-2013 10:55:48] PHP Notice:  Undefined offset: 0 in /var/www/tbl/pro-seeding/modules/tbl_proseeding/class.tbl_proseeding.php on line 379
[16-May-2013 10:56:41] PHP Notice:  Undefined index: HTTP_REFERER in /var/www/tbl/pro-seeding/core/class.treems.php on line 451
[16-May-2013 10:58:45] PHP Notice:  Undefined index: HTTP_REFERER in /var/www/tbl/pro-seeding/core/class.treems.php on line 451
[16-May-2013 10:58:53] PHP Notice:  Undefined offset: 0 in /var/www/tbl/pro-seeding/modules/tbl_proseeding/class.tbl_proseeding.php on line 379
[16-May-2013 10:59:42] PHP Notice:  Undefined offset: 0 in /var/www/tbl/pro-seeding/modules/tbl_proseeding/class.tbl_proseeding.php on line 379
[16-May-2013 11:00:10] PHP Notice:  Undefined offset: 0 in /var/www/tbl/pro-seeding/modules/tbl_proseeding/class.tbl_proseeding.php on line 379
[16-May-2013 11:03:13] PHP Notice:  Undefined index: HTTP_REFERER in /var/www/tbl/pro-seeding/core/class.treems.php on line 451
[16-May-2013 11:03:21] PHP Notice:  Undefined offset: 0 in /var/www/tbl/pro-seeding/modules/tbl_proseeding/class.tbl_proseeding.php on line 379
[16-May-2013 11:04:25] PHP Notice:  Undefined index: HTTP_REFERER in /var/www/tbl/pro-seeding/core/class.treems.php on line 451
[16-May-2013 11:04:32] PHP Notice:  Undefined offset: 0 in /var/www/tbl/pro-seeding/modules/tbl_proseeding/class.tbl_proseeding.php on line 379
[16-May-2013 11:07:04] PHP Notice:  Undefined index: HTTP_REFERER in /var/www/tbl/pro-seeding/core/class.treems.php on line 451
[16-May-2013 11:07:09] PHP Notice:  Undefined offset: 0 in /var/www/tbl/pro-seeding/modules/tbl_proseeding/class.tbl_proseeding.php on line 379
[16-May-2013 11:09:16] PHP Notice:  Undefined index: HTTP_REFERER in /var/www/tbl/pro-seeding/core/class.treems.php on line 451
[16-May-2013 11:09:22] PHP Notice:  Undefined offset: 0 in /var/www/tbl/pro-seeding/modules/tbl_proseeding/class.tbl_proseeding.php on line 379
[16-May-2013 11:15:05] PHP Notice:  Undefined index: HTTP_REFERER in /var/www/tbl/pro-seeding/core/class.treems.php on line 451
[16-May-2013 11:15:12] PHP Notice:  Undefined variable: code in /var/www/tbl/pro-seeding/templates/pro-seeding/includes/init.php on line 22
[16-May-2013 11:15:17] PHP Notice:  Undefined offset: 0 in /var/www/tbl/pro-seeding/modules/tbl_proseeding/class.tbl_proseeding.php on line 379
[16-May-2013 11:18:54] PHP Notice:  Undefined index: HTTP_REFERER in /var/www/tbl/pro-seeding/core/class.treems.php on line 451
[16-May-2013 11:19:05] PHP Notice:  Undefined offset: 0 in /var/www/tbl/pro-seeding/modules/tbl_proseeding/class.tbl_proseeding.php on line 379
[16-May-2013 11:24:49] PHP Notice:  Undefined index: HTTP_REFERER in /var/www/tbl/pro-seeding/core/class.treems.php on line 451
[16-May-2013 11:25:01] PHP Notice:  Undefined offset: 0 in /var/www/tbl/pro-seeding/modules/tbl_proseeding/class.tbl_proseeding.php on line 379
[16-May-2013 11:26:37] PHP Notice:  Undefined index: HTTP_REFERER in /var/www/tbl/pro-seeding/core/class.treems.php on line 451
[16-May-2013 11:26:44] PHP Notice:  Undefined offset: 0 in /var/www/tbl/pro-seeding/modules/tbl_proseeding/class.tbl_proseeding.php on line 379
[16-May-2013 11:29:32] PHP Notice:  Undefined index: HTTP_REFERER in /var/www/tbl/pro-seeding/core/class.treems.php on line 451
[16-May-2013 11:29:39] PHP Notice:  Undefined offset: 0 in /var/www/tbl/pro-seeding/modules/tbl_proseeding/class.tbl_proseeding.php on line 379
[16-May-2013 11:29:50] PHP Notice:  Undefined index: HTTP_REFERER in /var/www/tbl/pro-seeding/core/class.treems.php on line 451
[16-May-2013 11:30:30] PHP Notice:  Undefined offset: 0 in /var/www/tbl/pro-seeding/modules/tbl_proseeding/class.tbl_proseeding.php on line 379
[16-May-2013 11:30:49] PHP Notice:  Undefined index: HTTP_REFERER in /var/www/tbl/pro-seeding/core/class.treems.php on line 451
[16-May-2013 11:31:01] PHP Notice:  Undefined offset: 0 in /var/www/tbl/pro-seeding/modules/tbl_proseeding/class.tbl_proseeding.php on line 379
[16-May-2013 11:54:32] PHP Notice:  Undefined index: HTTP_REFERER in /var/www/tbl/pro-seeding/core/class.treems.php on line 451
[16-May-2013 11:54:41] PHP Notice:  Undefined offset: 0 in /var/www/tbl/pro-seeding/modules/tbl_proseeding/class.tbl_proseeding.php on line 379
[16-May-2013 12:05:46] PHP Notice:  Undefined index: HTTP_REFERER in /var/www/tbl/pro-seeding/core/class.treems.php on line 451
[16-May-2013 12:05:53] PHP Notice:  Undefined offset: 0 in /var/www/tbl/pro-seeding/modules/tbl_proseeding/class.tbl_proseeding.php on line 379
[16-May-2013 12:16:21] PHP Notice:  Undefined index: HTTP_REFERER in /var/www/tbl/pro-seeding/core/class.treems.php on line 451
[16-May-2013 12:16:27] PHP Notice:  Undefined offset: 0 in /var/www/tbl/pro-seeding/modules/tbl_proseeding/class.tbl_proseeding.php on line 379
[16-May-2013 12:16:50] PHP Notice:  Undefined offset: 0 in /var/www/tbl/pro-seeding/modules/tbl_proseeding/class.tbl_proseeding.php on line 379
[16-May-2013 12:18:31] PHP Notice:  Undefined index: HTTP_REFERER in /var/www/tbl/pro-seeding/core/class.treems.php on line 451
[16-May-2013 12:18:38] PHP Notice:  Undefined offset: 0 in /var/www/tbl/pro-seeding/modules/tbl_proseeding/class.tbl_proseeding.php on line 379
[16-May-2013 12:18:48] PHP Notice:  Undefined index: HTTP_REFERER in /var/www/tbl/pro-seeding/core/class.treems.php on line 451
[16-May-2013 12:19:01] PHP Notice:  Undefined offset: 0 in /var/www/tbl/pro-seeding/modules/tbl_proseeding/class.tbl_proseeding.php on line 379
[16-May-2013 12:19:12] PHP Notice:  Undefined index: HTTP_REFERER in /var/www/tbl/pro-seeding/core/class.treems.php on line 451
[16-May-2013 12:19:20] PHP Notice:  Undefined offset: 0 in /var/www/tbl/pro-seeding/modules/tbl_proseeding/class.tbl_proseeding.php on line 379
[16-May-2013 12:21:52] PHP Notice:  Undefined index: HTTP_REFERER in /var/www/tbl/pro-seeding/core/class.treems.php on line 451
[16-May-2013 12:21:59] PHP Notice:  Undefined offset: 0 in /var/www/tbl/pro-seeding/modules/tbl_proseeding/class.tbl_proseeding.php on line 379
[16-May-2013 12:22:16] PHP Notice:  Undefined index: HTTP_REFERER in /var/www/tbl/pro-seeding/core/class.treems.php on line 451
[16-May-2013 12:22:20] PHP Notice:  Undefined offset: 0 in /var/www/tbl/pro-seeding/modules/tbl_proseeding/class.tbl_proseeding.php on line 379
[16-May-2013 13:26:07] PHP Notice:  Undefined variable: code in /var/www/tbl/pro-seeding/templates/pro-seeding/includes/init.php on line 22
[16-May-2013 13:26:07] PHP Notice:  Undefined index: HTTP_REFERER in /var/www/tbl/pro-seeding/core/class.treems.php on line 451
[16-May-2013 13:26:16] PHP Notice:  Undefined offset: 0 in /var/www/tbl/pro-seeding/modules/tbl_proseeding/class.tbl_proseeding.php on line 379
[16-May-2013 13:26:48] PHP Notice:  Undefined offset: 0 in /var/www/tbl/pro-seeding/modules/tbl_proseeding/class.tbl_proseeding.php on line 379
[16-May-2013 13:27:57] PHP Notice:  Undefined index: HTTP_REFERER in /var/www/tbl/pro-seeding/core/class.treems.php on line 451
[16-May-2013 13:28:02] PHP Notice:  Undefined offset: 0 in /var/www/tbl/pro-seeding/modules/tbl_proseeding/class.tbl_proseeding.php on line 379
[16-May-2013 13:29:01] PHP Notice:  Undefined index: HTTP_REFERER in /var/www/tbl/pro-seeding/core/class.treems.php on line 451
[16-May-2013 13:29:07] PHP Notice:  Undefined offset: 0 in /var/www/tbl/pro-seeding/modules/tbl_proseeding/class.tbl_proseeding.php on line 379
[16-May-2013 13:30:23] PHP Notice:  Undefined index: HTTP_REFERER in /var/www/tbl/pro-seeding/core/class.treems.php on line 451
[16-May-2013 13:30:32] PHP Notice:  Undefined offset: 0 in /var/www/tbl/pro-seeding/modules/tbl_proseeding/class.tbl_proseeding.php on line 379
[16-May-2013 13:31:59] PHP Notice:  Undefined index: HTTP_REFERER in /var/www/tbl/pro-seeding/core/class.treems.php on line 451
[16-May-2013 13:32:05] PHP Notice:  Undefined offset: 0 in /var/www/tbl/pro-seeding/modules/tbl_proseeding/class.tbl_proseeding.php on line 379
[16-May-2013 13:37:41] PHP Notice:  Undefined index: HTTP_REFERER in /var/www/tbl/pro-seeding/core/class.treems.php on line 451
[16-May-2013 13:37:46] PHP Notice:  Undefined offset: 0 in /var/www/tbl/pro-seeding/modules/tbl_proseeding/class.tbl_proseeding.php on line 379
[16-May-2013 13:41:59] PHP Notice:  Undefined variable: code in /var/www/tbl/pro-seeding/templates/pro-seeding/includes/init.php on line 22
[16-May-2013 13:41:59] PHP Notice:  Undefined index: HTTP_REFERER in /var/www/tbl/pro-seeding/core/class.treems.php on line 451
[16-May-2013 13:42:05] PHP Notice:  Undefined offset: 0 in /var/www/tbl/pro-seeding/modules/tbl_proseeding/class.tbl_proseeding.php on line 379
[16-May-2013 13:42:35] PHP Notice:  Undefined index: HTTP_REFERER in /var/www/tbl/pro-seeding/core/class.treems.php on line 451
[16-May-2013 13:42:50] PHP Notice:  Undefined offset: 0 in /var/www/tbl/pro-seeding/modules/tbl_proseeding/class.tbl_proseeding.php on line 379
[16-May-2013 13:45:18] PHP Notice:  Undefined index: HTTP_REFERER in /var/www/tbl/pro-seeding/core/class.treems.php on line 451
[16-May-2013 13:45:40] PHP Notice:  Undefined offset: 0 in /var/www/tbl/pro-seeding/modules/tbl_proseeding/class.tbl_proseeding.php on line 379
[16-May-2013 13:47:22] PHP Notice:  Undefined index: HTTP_REFERER in /var/www/tbl/pro-seeding/core/class.treems.php on line 451
[16-May-2013 13:47:28] PHP Notice:  Undefined offset: 0 in /var/www/tbl/pro-seeding/modules/tbl_proseeding/class.tbl_proseeding.php on line 379
[16-May-2013 13:47:46] PHP Notice:  Undefined index: HTTP_REFERER in /var/www/tbl/pro-seeding/core/class.treems.php on line 451
[16-May-2013 13:47:52] PHP Notice:  Undefined offset: 0 in /var/www/tbl/pro-seeding/modules/tbl_proseeding/class.tbl_proseeding.php on line 379
[16-May-2013 13:48:02] PHP Notice:  Undefined index: HTTP_REFERER in /var/www/tbl/pro-seeding/core/class.treems.php on line 451
[16-May-2013 13:48:12] PHP Notice:  Undefined offset: 0 in /var/www/tbl/pro-seeding/modules/tbl_proseeding/class.tbl_proseeding.php on line 379
[16-May-2013 13:48:22] PHP Notice:  Undefined index: HTTP_REFERER in /var/www/tbl/pro-seeding/core/class.treems.php on line 451
[16-May-2013 13:48:29] PHP Notice:  Undefined offset: 0 in /var/www/tbl/pro-seeding/modules/tbl_proseeding/class.tbl_proseeding.php on line 379
[16-May-2013 16:28:10] PHP Notice:  Undefined variable: code in /var/www/tbl/pro-seeding/templates/pro-seeding/includes/init.php on line 22
[16-May-2013 16:28:11] PHP Notice:  Undefined index: HTTP_REFERER in /var/www/tbl/pro-seeding/core/class.treems.php on line 451
[16-May-2013 16:28:21] PHP Notice:  Undefined index: HTTP_REFERER in /var/www/tbl/pro-seeding/core/class.treems.php on line 451
[17-May-2013 10:21:18] PHP Notice:  Undefined index: HTTP_REFERER in /var/www/tbl/pro-seeding/core/class.treems.php on line 451
[17-May-2013 10:21:23] PHP Notice:  Undefined offset: 1 in /var/www/tbl/pro-seeding/templates/pro-seeding/admin.php on line 34
[17-May-2013 10:21:23] PHP Notice:  Undefined offset: 1 in /var/www/tbl/pro-seeding/templates/pro-seeding/admin.php on line 94
[17-May-2013 10:21:23] PHP Notice:  Undefined offset: 1 in /var/www/tbl/pro-seeding/templates/pro-seeding/admin.php on line 121
[17-May-2013 10:21:23] PHP Notice:  Undefined offset: 1 in /var/www/tbl/pro-seeding/templates/pro-seeding/admin.php on line 126
[17-May-2013 10:22:27] PHP Notice:  Undefined offset: 0 in /var/www/tbl/pro-seeding/modules/tbl_proseeding/class.tbl_proseeding.php on line 588
[17-May-2013 10:31:32] PHP Notice:  Undefined variable: code in /var/www/tbl/pro-seeding/templates/pro-seeding/includes/init.php on line 22
[17-May-2013 10:31:32] PHP Notice:  Undefined index: HTTP_REFERER in /var/www/tbl/pro-seeding/core/class.treems.php on line 451
[17-May-2013 10:31:37] PHP Notice:  Undefined offset: 0 in /var/www/tbl/pro-seeding/modules/tbl_proseeding/class.tbl_proseeding.php on line 588
[17-May-2013 10:35:00] PHP Notice:  Undefined index: HTTP_REFERER in /var/www/tbl/pro-seeding/core/class.treems.php on line 451
[17-May-2013 10:35:04] PHP Notice:  Undefined offset: 0 in /var/www/tbl/pro-seeding/modules/tbl_proseeding/class.tbl_proseeding.php on line 588
[17-May-2013 10:57:56] PHP Notice:  Undefined index: HTTP_REFERER in /var/www/tbl/pro-seeding/core/class.treems.php on line 451
[17-May-2013 10:58:03] PHP Notice:  Undefined offset: 0 in /var/www/tbl/pro-seeding/modules/tbl_proseeding/class.tbl_proseeding.php on line 588
[17-May-2013 10:58:48] PHP Notice:  Undefined index: HTTP_REFERER in /var/www/tbl/pro-seeding/core/class.treems.php on line 451
[17-May-2013 10:58:53] PHP Notice:  Undefined offset: 0 in /var/www/tbl/pro-seeding/modules/tbl_proseeding/class.tbl_proseeding.php on line 588
[17-May-2013 11:00:49] PHP Notice:  Undefined index: HTTP_REFERER in /var/www/tbl/pro-seeding/core/class.treems.php on line 451
[17-May-2013 11:00:56] PHP Notice:  Undefined offset: 0 in /var/www/tbl/pro-seeding/modules/tbl_proseeding/class.tbl_proseeding.php on line 588
[17-May-2013 11:01:59] PHP Notice:  Undefined offset: 0 in /var/www/tbl/pro-seeding/modules/tbl_proseeding/class.tbl_proseeding.php on line 588
[17-May-2013 11:03:27] PHP Notice:  Undefined index: HTTP_REFERER in /var/www/tbl/pro-seeding/core/class.treems.php on line 451
[17-May-2013 11:03:32] PHP Notice:  Undefined offset: 0 in /var/www/tbl/pro-seeding/modules/tbl_proseeding/class.tbl_proseeding.php on line 588
[17-May-2013 11:04:12] PHP Notice:  Undefined index: HTTP_REFERER in /var/www/tbl/pro-seeding/core/class.treems.php on line 451
[17-May-2013 11:04:17] PHP Notice:  Undefined offset: 0 in /var/www/tbl/pro-seeding/modules/tbl_proseeding/class.tbl_proseeding.php on line 588
[17-May-2013 11:08:29] PHP Notice:  Undefined index: HTTP_REFERER in /var/www/tbl/pro-seeding/core/class.treems.php on line 451
[17-May-2013 11:08:36] PHP Notice:  Undefined offset: 0 in /var/www/tbl/pro-seeding/modules/tbl_proseeding/class.tbl_proseeding.php on line 588
[17-May-2013 11:10:08] PHP Notice:  Undefined index: HTTP_REFERER in /var/www/tbl/pro-seeding/core/class.treems.php on line 451
[17-May-2013 11:10:12] PHP Notice:  Undefined offset: 0 in /var/www/tbl/pro-seeding/modules/tbl_proseeding/class.tbl_proseeding.php on line 588
[17-May-2013 11:13:18] PHP Notice:  Undefined index: HTTP_REFERER in /var/www/tbl/pro-seeding/core/class.treems.php on line 451
[17-May-2013 11:13:51] PHP Notice:  Undefined index: HTTP_REFERER in /var/www/tbl/pro-seeding/core/class.treems.php on line 451
[17-May-2013 11:13:57] PHP Notice:  Undefined offset: 0 in /var/www/tbl/pro-seeding/modules/tbl_proseeding/class.tbl_proseeding.php on line 588
[17-May-2013 11:15:35] PHP Notice:  Undefined index: HTTP_REFERER in /var/www/tbl/pro-seeding/core/class.treems.php on line 451
[17-May-2013 11:15:40] PHP Notice:  Undefined offset: 0 in /var/www/tbl/pro-seeding/modules/tbl_proseeding/class.tbl_proseeding.php on line 588
[17-May-2013 11:24:57] PHP Notice:  Undefined offset: 1 in /var/www/tbl/pro-seeding/templates/pro-seeding/admin.php on line 34
[17-May-2013 11:24:57] PHP Notice:  Undefined offset: 1 in /var/www/tbl/pro-seeding/templates/pro-seeding/admin.php on line 94
[17-May-2013 11:24:57] PHP Notice:  Undefined offset: 1 in /var/www/tbl/pro-seeding/templates/pro-seeding/admin.php on line 121
[17-May-2013 11:24:57] PHP Notice:  Undefined offset: 1 in /var/www/tbl/pro-seeding/templates/pro-seeding/admin.php on line 126
[17-May-2013 11:31:16] PHP Notice:  Undefined offset: 1 in /var/www/tbl/pro-seeding/templates/pro-seeding/admin.php on line 34
[17-May-2013 11:31:16] PHP Notice:  Undefined offset: 1 in /var/www/tbl/pro-seeding/templates/pro-seeding/admin.php on line 94
[17-May-2013 11:31:16] PHP Notice:  Undefined offset: 1 in /var/www/tbl/pro-seeding/templates/pro-seeding/admin.php on line 121
[17-May-2013 11:31:16] PHP Notice:  Undefined offset: 1 in /var/www/tbl/pro-seeding/templates/pro-seeding/admin.php on line 126
[17-May-2013 11:31:18] PHP Notice:  Undefined index: HTTP_REFERER in /var/www/tbl/pro-seeding/core/class.treems.php on line 451
[17-May-2013 11:32:43] PHP Notice:  Undefined offset: 0 in /var/www/tbl/pro-seeding/modules/tbl_proseeding/class.tbl_proseeding.php on line 588
[17-May-2013 11:35:06] PHP Notice:  Undefined index: HTTP_REFERER in /var/www/tbl/pro-seeding/core/class.treems.php on line 451
[17-May-2013 11:35:11] PHP Notice:  Undefined offset: 0 in /var/www/tbl/pro-seeding/modules/tbl_proseeding/class.tbl_proseeding.php on line 588
[17-May-2013 11:35:52] PHP Notice:  Undefined index: HTTP_REFERER in /var/www/tbl/pro-seeding/core/class.treems.php on line 451
[17-May-2013 11:35:58] PHP Notice:  Undefined offset: 0 in /var/www/tbl/pro-seeding/modules/tbl_proseeding/class.tbl_proseeding.php on line 588
[17-May-2013 12:44:59] PHP Warning:  fopen(/var/www/tbl/pro-seeding/downloads/20130517-604-Industrial-data.csv): failed to open stream: Permission denied in /var/www/tbl/pro-seeding/modules/tbl_proseeding/class.tbl_proseeding.php on line 371
[17-May-2013 14:08:09] PHP Notice:  Undefined index: HTTP_REFERER in /var/www/tbl/pro-seeding/core/class.treems.php on line 451
[17-May-2013 14:08:17] PHP Notice:  Undefined offset: 0 in /var/www/tbl/pro-seeding/modules/tbl_proseeding/class.tbl_proseeding.php on line 588
[17-May-2013 14:10:34] PHP Notice:  Undefined offset: 0 in /var/www/tbl/pro-seeding/modules/tbl_proseeding/class.tbl_proseeding.php on line 588
[17-May-2013 14:10:51] PHP Notice:  Undefined index: HTTP_REFERER in /var/www/tbl/pro-seeding/core/class.treems.php on line 451
[17-May-2013 14:10:58] PHP Notice:  Undefined offset: 0 in /var/www/tbl/pro-seeding/modules/tbl_proseeding/class.tbl_proseeding.php on line 588
[17-May-2013 14:11:28] PHP Notice:  Undefined offset: 0 in /var/www/tbl/pro-seeding/modules/tbl_proseeding/class.tbl_proseeding.php on line 588
[17-May-2013 14:12:04] PHP Notice:  Undefined index: HTTP_REFERER in /var/www/tbl/pro-seeding/core/class.treems.php on line 451
[17-May-2013 14:12:11] PHP Notice:  Undefined offset: 0 in /var/www/tbl/pro-seeding/modules/tbl_proseeding/class.tbl_proseeding.php on line 588
[17-May-2013 14:13:09] PHP Notice:  Undefined offset: 0 in /var/www/tbl/pro-seeding/modules/tbl_proseeding/class.tbl_proseeding.php on line 588
[17-May-2013 14:16:19] PHP Notice:  Undefined offset: 0 in /var/www/tbl/pro-seeding/modules/tbl_proseeding/class.tbl_proseeding.php on line 588
[17-May-2013 14:18:35] PHP Notice:  Undefined offset: 0 in /var/www/tbl/pro-seeding/modules/tbl_proseeding/class.tbl_proseeding.php on line 588
[17-May-2013 14:18:54] PHP Notice:  Undefined index: HTTP_REFERER in /var/www/tbl/pro-seeding/core/class.treems.php on line 451
[17-May-2013 14:19:56] PHP Notice:  Undefined index: HTTP_REFERER in /var/www/tbl/pro-seeding/core/class.treems.php on line 451
[17-May-2013 14:19:59] PHP Notice:  Undefined offset: 0 in /var/www/tbl/pro-seeding/modules/tbl_proseeding/class.tbl_proseeding.php on line 588
[17-May-2013 14:29:10] PHP Notice:  Undefined offset: 0 in /var/www/tbl/pro-seeding/modules/tbl_proseeding/class.tbl_proseeding.php on line 588
[17-May-2013 14:29:36] PHP Notice:  Undefined offset: 0 in /var/www/tbl/pro-seeding/modules/tbl_proseeding/class.tbl_proseeding.php on line 588
[17-May-2013 14:31:06] PHP Notice:  Undefined offset: 0 in /var/www/tbl/pro-seeding/modules/tbl_proseeding/class.tbl_proseeding.php on line 588
[17-May-2013 14:31:57] PHP Notice:  Undefined offset: 0 in /var/www/tbl/pro-seeding/modules/tbl_proseeding/class.tbl_proseeding.php on line 588
[17-May-2013 14:32:18] PHP Notice:  Undefined offset: 0 in /var/www/tbl/pro-seeding/modules/tbl_proseeding/class.tbl_proseeding.php on line 588
[17-May-2013 14:34:22] PHP Notice:  Undefined offset: 0 in /var/www/tbl/pro-seeding/modules/tbl_proseeding/class.tbl_proseeding.php on line 588
[17-May-2013 14:35:22] PHP Notice:  Undefined offset: 0 in /var/www/tbl/pro-seeding/modules/tbl_proseeding/class.tbl_proseeding.php on line 588
[17-May-2013 14:35:40] PHP Notice:  Undefined index: HTTP_REFERER in /var/www/tbl/pro-seeding/core/class.treems.php on line 451
[17-May-2013 14:35:45] PHP Notice:  Undefined offset: 0 in /var/www/tbl/pro-seeding/modules/tbl_proseeding/class.tbl_proseeding.php on line 588
[17-May-2013 14:35:57] PHP Notice:  Undefined index: HTTP_REFERER in /var/www/tbl/pro-seeding/core/class.treems.php on line 451
[17-May-2013 14:36:03] PHP Notice:  Undefined offset: 0 in /var/www/tbl/pro-seeding/modules/tbl_proseeding/class.tbl_proseeding.php on line 588
[17-May-2013 14:37:57] PHP Notice:  Undefined offset: 0 in /var/www/tbl/pro-seeding/modules/tbl_proseeding/class.tbl_proseeding.php on line 588
[17-May-2013 14:38:13] PHP Notice:  Undefined offset: 0 in /var/www/tbl/pro-seeding/modules/tbl_proseeding/class.tbl_proseeding.php on line 588
[17-May-2013 14:39:42] PHP Notice:  Undefined offset: 0 in /var/www/tbl/pro-seeding/modules/tbl_proseeding/class.tbl_proseeding.php on line 588
[17-May-2013 14:41:55] PHP Notice:  Undefined offset: 0 in /var/www/tbl/pro-seeding/modules/tbl_proseeding/class.tbl_proseeding.php on line 588
[17-May-2013 14:42:11] PHP Notice:  Undefined offset: 0 in /var/www/tbl/pro-seeding/modules/tbl_proseeding/class.tbl_proseeding.php on line 588
[17-May-2013 14:43:10] PHP Notice:  Undefined offset: 0 in /var/www/tbl/pro-seeding/modules/tbl_proseeding/class.tbl_proseeding.php on line 588
[17-May-2013 14:43:36] PHP Notice:  Undefined offset: 0 in /var/www/tbl/pro-seeding/modules/tbl_proseeding/class.tbl_proseeding.php on line 588
[17-May-2013 14:44:33] PHP Notice:  Undefined offset: 0 in /var/www/tbl/pro-seeding/modules/tbl_proseeding/class.tbl_proseeding.php on line 588
[17-May-2013 14:44:59] PHP Notice:  Undefined index: HTTP_REFERER in /var/www/tbl/pro-seeding/core/class.treems.php on line 451
[17-May-2013 14:45:05] PHP Notice:  Undefined offset: 0 in /var/www/tbl/pro-seeding/modules/tbl_proseeding/class.tbl_proseeding.php on line 588
[17-May-2013 14:45:19] PHP Notice:  Undefined index: HTTP_REFERER in /var/www/tbl/pro-seeding/core/class.treems.php on line 451
[17-May-2013 14:45:25] PHP Notice:  Undefined offset: 0 in /var/www/tbl/pro-seeding/modules/tbl_proseeding/class.tbl_proseeding.php on line 588
[17-May-2013 14:45:38] PHP Notice:  Undefined index: HTTP_REFERER in /var/www/tbl/pro-seeding/core/class.treems.php on line 451
[17-May-2013 14:45:44] PHP Notice:  Undefined offset: 0 in /var/www/tbl/pro-seeding/modules/tbl_proseeding/class.tbl_proseeding.php on line 588
[17-May-2013 14:46:43] PHP Notice:  Undefined offset: 0 in /var/www/tbl/pro-seeding/modules/tbl_proseeding/class.tbl_proseeding.php on line 588
[17-May-2013 14:55:14] PHP Notice:  Undefined offset: 0 in /var/www/tbl/pro-seeding/modules/tbl_proseeding/class.tbl_proseeding.php on line 624
[20-May-2013 11:10:03] PHP Notice:  Undefined index: HTTP_REFERER in /var/www/tbl/pro-seeding/core/class.treems.php on line 451
[20-May-2013 11:10:11] PHP Notice:  Undefined offset: 0 in /var/www/tbl/pro-seeding/modules/tbl_proseeding/class.tbl_proseeding.php on line 624
[20-May-2013 12:27:41] PHP Notice:  Undefined index: HTTP_REFERER in /var/www/tbl/pro-seeding/core/class.treems.php on line 451
[20-May-2013 12:27:47] PHP Notice:  Undefined offset: 0 in /var/www/tbl/pro-seeding/modules/tbl_proseeding/class.tbl_proseeding.php on line 624
[20-May-2013 12:31:15] PHP Notice:  Undefined index: HTTP_REFERER in /var/www/tbl/pro-seeding/core/class.treems.php on line 451
[20-May-2013 12:31:21] PHP Notice:  Undefined offset: 0 in /var/www/tbl/pro-seeding/modules/tbl_proseeding/class.tbl_proseeding.php on line 624
[20-May-2013 12:31:34] PHP Notice:  Undefined index: HTTP_REFERER in /var/www/tbl/pro-seeding/core/class.treems.php on line 451
[20-May-2013 12:31:38] PHP Notice:  Undefined offset: 0 in /var/www/tbl/pro-seeding/modules/tbl_proseeding/class.tbl_proseeding.php on line 624
[20-May-2013 12:44:15] PHP Notice:  Undefined offset: 0 in /var/www/tbl/pro-seeding/modules/tbl_proseeding/class.tbl_proseeding.php on line 624
[20-May-2013 12:46:41] PHP Notice:  Undefined index: HTTP_REFERER in /var/www/tbl/pro-seeding/core/class.treems.php on line 451
[20-May-2013 12:46:47] PHP Notice:  Undefined offset: 0 in /var/www/tbl/pro-seeding/modules/tbl_proseeding/class.tbl_proseeding.php on line 624
[20-May-2013 12:46:59] PHP Notice:  Undefined index: HTTP_REFERER in /var/www/tbl/pro-seeding/core/class.treems.php on line 451
[20-May-2013 12:47:03] PHP Notice:  Undefined offset: 0 in /var/www/tbl/pro-seeding/modules/tbl_proseeding/class.tbl_proseeding.php on line 624
